<?xml version="1.0" encoding="UTF-8"?>
<!-- Generated by org.testng.reporters.JUnitReportReporter -->
<testsuite hostname="aayushHP" failures="0" tests="1" name="SanityTests" time="0.012" errors="0" timestamp="2022-11-14T18:05:56 EST" skipped="0">
  <testcase classname="SanityTests" name="canRunNGTest" time="0.012"/>
  <system-out/>
</testsuite> <!-- SanityTests -->
